  graph.c
C:\Users\Kim Jaehyeon\OneDrive - 성균관대학교\Assignments\5\Algorithm\algorithms-practice\Report3\graph.h(1,1): warning C4819: 현재 코드 페이지(949)에서 표시할 수 없는 문자가 파일에 들어 있습니다. 데이터가 손실되지 않게 하려면 해당 파일을 유니코드 형식으로 저장하십시오.
C:\Users\Kim Jaehyeon\OneDrive - 성균관대학교\Assignments\5\Algorithm\algorithms-practice\Report3\graph.c(9,24): warning C4013: 'malloc'이(가) 정의되지 않았습니다. extern은 int형을 반환하는 것으로 간주합니다.
C:\Users\Kim Jaehyeon\OneDrive - 성균관대학교\Assignments\5\Algorithm\algorithms-practice\Report3\graph.c(9,1): warning C4047: '초기화 중': 'graphNode *'의 간접 참조 수준이 'int'과(와) 다릅니다.
C:\Users\Kim Jaehyeon\OneDrive - 성균관대학교\Assignments\5\Algorithm\algorithms-practice\Report3\graph.c(19,58): warning C4047: '=': 'node **'의 간접 참조 수준이 'int'과(와) 다릅니다.
C:\Users\Kim Jaehyeon\OneDrive - 성균관대학교\Assignments\5\Algorithm\algorithms-practice\Report3\graph.c(16,1): warning C4047: '초기화 중': 'Graph *'의 간접 참조 수준이 'int'과(와) 다릅니다.
  linkedList.c
C:\Users\Kim Jaehyeon\OneDrive - 성균관대학교\Assignments\5\Algorithm\algorithms-practice\Report3\reservation.h(17,32): error C2143: 구문 오류: ')'이(가) '*' 앞에 없습니다.
C:\Users\Kim Jaehyeon\OneDrive - 성균관대학교\Assignments\5\Algorithm\algorithms-practice\Report3\reservation.h(17,32): error C2143: 구문 오류: '{'이(가) '*' 앞에 없습니다.
C:\Users\Kim Jaehyeon\OneDrive - 성균관대학교\Assignments\5\Algorithm\algorithms-practice\Report3\reservation.h(17,44): error C2059: 구문 오류: '형식'
C:\Users\Kim Jaehyeon\OneDrive - 성균관대학교\Assignments\5\Algorithm\algorithms-practice\Report3\reservation.h(17,57): error C2059: 구문 오류: ')'
C:\Users\Kim Jaehyeon\OneDrive - 성균관대학교\Assignments\5\Algorithm\algorithms-practice\Report3\reservation.h(18,25): error C2143: 구문 오류: ')'이(가) '*' 앞에 없습니다.
C:\Users\Kim Jaehyeon\OneDrive - 성균관대학교\Assignments\5\Algorithm\algorithms-practice\Report3\reservation.h(18,25): error C2143: 구문 오류: '{'이(가) '*' 앞에 없습니다.
C:\Users\Kim Jaehyeon\OneDrive - 성균관대학교\Assignments\5\Algorithm\algorithms-practice\Report3\reservation.h(18,32): error C2059: 구문 오류: ')'
C:\Users\Kim Jaehyeon\OneDrive - 성균관대학교\Assignments\5\Algorithm\algorithms-practice\Report3\reservation.h(19,26): error C2143: 구문 오류: ')'이(가) '*' 앞에 없습니다.
C:\Users\Kim Jaehyeon\OneDrive - 성균관대학교\Assignments\5\Algorithm\algorithms-practice\Report3\reservation.h(19,26): error C2143: 구문 오류: '{'이(가) '*' 앞에 없습니다.
C:\Users\Kim Jaehyeon\OneDrive - 성균관대학교\Assignments\5\Algorithm\algorithms-practice\Report3\reservation.h(19,39): error C2059: 구문 오류: '형식'
C:\Users\Kim Jaehyeon\OneDrive - 성균관대학교\Assignments\5\Algorithm\algorithms-practice\Report3\reservation.h(19,55): error C2059: 구문 오류: ')'
C:\Users\Kim Jaehyeon\OneDrive - 성균관대학교\Assignments\5\Algorithm\algorithms-practice\Report3\reservation.h(20,63): error C2143: 구문 오류: ')'이(가) '*' 앞에 없습니다.
C:\Users\Kim Jaehyeon\OneDrive - 성균관대학교\Assignments\5\Algorithm\algorithms-practice\Report3\reservation.h(20,63): error C2081: 'reservationNode': 정식 매개 변수 목록에 있는 이름이 잘못되었습니다.
C:\Users\Kim Jaehyeon\OneDrive - 성균관대학교\Assignments\5\Algorithm\algorithms-practice\Report3\reservation.h(20,63): error C2143: 구문 오류: '{'이(가) '*' 앞에 없습니다.
C:\Users\Kim Jaehyeon\OneDrive - 성균관대학교\Assignments\5\Algorithm\algorithms-practice\Report3\reservation.h(20,77): error C2059: 구문 오류: ')'
C:\Users\Kim Jaehyeon\OneDrive - 성균관대학교\Assignments\5\Algorithm\algorithms-practice\Report3\reservation.h(21,32): error C2143: 구문 오류: ')'이(가) '*' 앞에 없습니다.
C:\Users\Kim Jaehyeon\OneDrive - 성균관대학교\Assignments\5\Algorithm\algorithms-practice\Report3\reservation.h(21,32): error C2143: 구문 오류: '{'이(가) '*' 앞에 없습니다.
C:\Users\Kim Jaehyeon\OneDrive - 성균관대학교\Assignments\5\Algorithm\algorithms-practice\Report3\reservation.h(21,47): error C2143: 구문 오류: ';'이(가) '*' 앞에 없습니다.
C:\Users\Kim Jaehyeon\OneDrive - 성균관대학교\Assignments\5\Algorithm\algorithms-practice\Report3\reservation.h(21,72): error C2143: 구문 오류: ';'이(가) '*' 앞에 없습니다.
C:\Users\Kim Jaehyeon\OneDrive - 성균관대학교\Assignments\5\Algorithm\algorithms-practice\Report3\reservation.h(21,86): error C2059: 구문 오류: ')'
C:\Users\Kim Jaehyeon\OneDrive - 성균관대학교\Assignments\5\Algorithm\algorithms-practice\Report3\reservation.h(22,52): error C2143: 구문 오류: ')'이(가) '*' 앞에 없습니다.
C:\Users\Kim Jaehyeon\OneDrive - 성균관대학교\Assignments\5\Algorithm\algorithms-practice\Report3\reservation.h(22,52): error C2081: 'reservationNode': 정식 매개 변수 목록에 있는 이름이 잘못되었습니다.
C:\Users\Kim Jaehyeon\OneDrive - 성균관대학교\Assignments\5\Algorithm\algorithms-practice\Report3\reservation.h(22,52): error C2143: 구문 오류: '{'이(가) '*' 앞에 없습니다.
C:\Users\Kim Jaehyeon\OneDrive - 성균관대학교\Assignments\5\Algorithm\algorithms-practice\Report3\reservation.h(22,66): error C2059: 구문 오류: ')'
C:\Users\Kim Jaehyeon\OneDrive - 성균관대학교\Assignments\5\Algorithm\algorithms-practice\Report3\linkedList.h(9,2): error C2371: 'reservationNode': 재정의. 기본 형식이 다릅니다.
C:\Users\Kim Jaehyeon\OneDrive - 성균관대학교\Assignments\5\Algorithm\algorithms-practice\Report3\reservation.h(21): message : 'reservationNode' 선언을 참조하십시오.
C:\Users\Kim Jaehyeon\OneDrive - 성균관대학교\Assignments\5\Algorithm\algorithms-practice\Report3\linkedList.h(11,16): error C2143: 구문 오류: '{'이(가) '*' 앞에 없습니다.
C:\Users\Kim Jaehyeon\OneDrive - 성균관대학교\Assignments\5\Algorithm\algorithms-practice\Report3\linkedList.h(11,41): error C2143: 구문 오류: ')'이(가) '*' 앞에 없습니다.
C:\Users\Kim Jaehyeon\OneDrive - 성균관대학교\Assignments\5\Algorithm\algorithms-practice\Report3\linkedList.h(11,41): error C2143: 구문 오류: '{'이(가) '*' 앞에 없습니다.
C:\Users\Kim Jaehyeon\OneDrive - 성균관대학교\Assignments\5\Algorithm\algorithms-practice\Report3\linkedList.h(11,49): error C2371: 'Reservation': 재정의. 기본 형식이 다릅니다.
C:\Users\Kim Jaehyeon\OneDrive - 성균관대학교\Assignments\5\Algorithm\algorithms-practice\Report3\reservation.h(13): message : 'Reservation' 선언을 참조하십시오.
C:\Users\Kim Jaehyeon\OneDrive - 성균관대학교\Assignments\5\Algorithm\algorithms-practice\Report3\linkedList.h(11,60): error C2143: 구문 오류: ';'이(가) '*' 앞에 없습니다.
C:\Users\Kim Jaehyeon\OneDrive - 성균관대학교\Assignments\5\Algorithm\algorithms-practice\Report3\linkedList.h(11,73): error C2059: 구문 오류: ')'
C:\Users\Kim Jaehyeon\OneDrive - 성균관대학교\Assignments\5\Algorithm\algorithms-practice\Report3\linkedList.h(12,16): error C2143: 구문 오류: '{'이(가) '*' 앞에 없습니다.
C:\Users\Kim Jaehyeon\OneDrive - 성균관대학교\Assignments\5\Algorithm\algorithms-practice\Report3\linkedList.h(12,40): error C2143: 구문 오류: ')'이(가) '*' 앞에 없습니다.
C:\Users\Kim Jaehyeon\OneDrive - 성균관대학교\Assignments\5\Algorithm\algorithms-practice\Report3\linkedList.h(12,40): error C2143: 구문 오류: '{'이(가) '*' 앞에 없습니다.
C:\Users\Kim Jaehyeon\OneDrive - 성균관대학교\Assignments\5\Algorithm\algorithms-practice\Report3\linkedList.h(12,52): error C2059: 구문 오류: '형식'
C:\Users\Kim Jaehyeon\OneDrive - 성균관대학교\Assignments\5\Algorithm\algorithms-practice\Report3\linkedList.h(12,54): error C2059: 구문 오류: ')'
C:\Users\Kim Jaehyeon\OneDrive - 성균관대학교\Assignments\5\Algorithm\algorithms-practice\Report3\linkedList.c(5,16): error C2143: 구문 오류: '{'이(가) '*' 앞에 없습니다.
C:\Users\Kim Jaehyeon\OneDrive - 성균관대학교\Assignments\5\Algorithm\algorithms-practice\Report3\linkedList.c(5,41): error C2143: 구문 오류: ')'이(가) '*' 앞에 없습니다.
C:\Users\Kim Jaehyeon\OneDrive - 성균관대학교\Assignments\5\Algorithm\algorithms-practice\Report3\linkedList.c(5,41): error C2143: 구문 오류: '{'이(가) '*' 앞에 없습니다.
C:\Users\Kim Jaehyeon\OneDrive - 성균관대학교\Assignments\5\Algorithm\algorithms-practice\Report3\linkedList.c(5,49): error C2371: 'Reservation': 재정의. 기본 형식이 다릅니다.
C:\Users\Kim Jaehyeon\OneDrive - 성균관대학교\Assignments\5\Algorithm\algorithms-practice\Report3\reservation.h(13): message : 'Reservation' 선언을 참조하십시오.
C:\Users\Kim Jaehyeon\OneDrive - 성균관대학교\Assignments\5\Algorithm\algorithms-practice\Report3\linkedList.c(5,60): error C2143: 구문 오류: ';'이(가) '*' 앞에 없습니다.
C:\Users\Kim Jaehyeon\OneDrive - 성균관대학교\Assignments\5\Algorithm\algorithms-practice\Report3\linkedList.c(5,73): error C2059: 구문 오류: ')'
C:\Users\Kim Jaehyeon\OneDrive - 성균관대학교\Assignments\5\Algorithm\algorithms-practice\Report3\linkedList.c(6,1): error C2054: 'reservation' 다음에 '('가 필요합니다.
C:\Users\Kim Jaehyeon\OneDrive - 성균관대학교\Assignments\5\Algorithm\algorithms-practice\Report3\linkedList.c(20,16): error C2143: 구문 오류: '{'이(가) '*' 앞에 없습니다.
C:\Users\Kim Jaehyeon\OneDrive - 성균관대학교\Assignments\5\Algorithm\algorithms-practice\Report3\linkedList.c(20,40): error C2143: 구문 오류: ')'이(가) '*' 앞에 없습니다.
C:\Users\Kim Jaehyeon\OneDrive - 성균관대학교\Assignments\5\Algorithm\algorithms-practice\Report3\linkedList.c(20,40): error C2143: 구문 오류: '{'이(가) '*' 앞에 없습니다.
C:\Users\Kim Jaehyeon\OneDrive - 성균관대학교\Assignments\5\Algorithm\algorithms-practice\Report3\linkedList.c(20,52): error C2059: 구문 오류: '형식'
C:\Users\Kim Jaehyeon\OneDrive - 성균관대학교\Assignments\5\Algorithm\algorithms-practice\Report3\linkedList.c(20,54): error C2059: 구문 오류: ')'
  rbTree.c
C:\Users\Kim Jaehyeon\OneDrive - 성균관대학교\Assignments\5\Algorithm\algorithms-practice\Report3\rbTree.c(96,21): warning C4013: 'left_rotation'이(가) 정의되지 않았습니다. extern은 int형을 반환하는 것으로 간주합니다.
C:\Users\Kim Jaehyeon\OneDrive - 성균관대학교\Assignments\5\Algorithm\algorithms-practice\Report3\rbTree.c(100,17): warning C4013: 'right_rotation'이(가) 정의되지 않았습니다. extern은 int형을 반환하는 것으로 간주합니다.
C:\Users\Kim Jaehyeon\OneDrive - 성균관대학교\Assignments\5\Algorithm\algorithms-practice\Report3\rbTree.c(157,5): warning C4013: 'insertion_fixup'이(가) 정의되지 않았습니다. extern은 int형을 반환하는 것으로 간주합니다.
  main.c
C:\Users\Kim Jaehyeon\OneDrive - 성균관대학교\Assignments\5\Algorithm\algorithms-practice\Report3\graph.h(1,1): warning C4819: 현재 코드 페이지(949)에서 표시할 수 없는 문자가 파일에 들어 있습니다. 데이터가 손실되지 않게 하려면 해당 파일을 유니코드 형식으로 저장하십시오.
C:\Users\Kim Jaehyeon\OneDrive - 성균관대학교\Assignments\5\Algorithm\algorithms-practice\Report3\linkedList.h(7,5): error C2061: 구문 오류: 식별자 'Reservation'
C:\Users\Kim Jaehyeon\OneDrive - 성균관대학교\Assignments\5\Algorithm\algorithms-practice\Report3\linkedList.h(9,1): error C2059: 구문 오류: '}'
C:\Users\Kim Jaehyeon\OneDrive - 성균관대학교\Assignments\5\Algorithm\algorithms-practice\Report3\linkedList.h(11,16): error C2143: 구문 오류: '{'이(가) '*' 앞에 없습니다.
C:\Users\Kim Jaehyeon\OneDrive - 성균관대학교\Assignments\5\Algorithm\algorithms-practice\Report3\linkedList.h(11,41): error C2143: 구문 오류: ')'이(가) '*' 앞에 없습니다.
C:\Users\Kim Jaehyeon\OneDrive - 성균관대학교\Assignments\5\Algorithm\algorithms-practice\Report3\linkedList.h(11,41): error C2143: 구문 오류: '{'이(가) '*' 앞에 없습니다.
C:\Users\Kim Jaehyeon\OneDrive - 성균관대학교\Assignments\5\Algorithm\algorithms-practice\Report3\linkedList.h(11,60): error C2143: 구문 오류: ';'이(가) '*' 앞에 없습니다.
C:\Users\Kim Jaehyeon\OneDrive - 성균관대학교\Assignments\5\Algorithm\algorithms-practice\Report3\linkedList.h(11,73): error C2059: 구문 오류: ')'
C:\Users\Kim Jaehyeon\OneDrive - 성균관대학교\Assignments\5\Algorithm\algorithms-practice\Report3\linkedList.h(12,16): error C2143: 구문 오류: '{'이(가) '*' 앞에 없습니다.
C:\Users\Kim Jaehyeon\OneDrive - 성균관대학교\Assignments\5\Algorithm\algorithms-practice\Report3\linkedList.h(12,40): error C2143: 구문 오류: ')'이(가) '*' 앞에 없습니다.
C:\Users\Kim Jaehyeon\OneDrive - 성균관대학교\Assignments\5\Algorithm\algorithms-practice\Report3\linkedList.h(12,40): error C2143: 구문 오류: '{'이(가) '*' 앞에 없습니다.
C:\Users\Kim Jaehyeon\OneDrive - 성균관대학교\Assignments\5\Algorithm\algorithms-practice\Report3\linkedList.h(12,52): error C2059: 구문 오류: '형식'
C:\Users\Kim Jaehyeon\OneDrive - 성균관대학교\Assignments\5\Algorithm\algorithms-practice\Report3\linkedList.h(12,54): error C2059: 구문 오류: ')'
C:\Users\Kim Jaehyeon\OneDrive - 성균관대학교\Assignments\5\Algorithm\algorithms-practice\Report3\reservation.h(13,3): error C2371: 'Reservation': 재정의. 기본 형식이 다릅니다.
C:\Users\Kim Jaehyeon\OneDrive - 성균관대학교\Assignments\5\Algorithm\algorithms-practice\Report3\linkedList.h(11): message : 'Reservation' 선언을 참조하십시오.
C:\Users\Kim Jaehyeon\OneDrive - 성균관대학교\Assignments\5\Algorithm\algorithms-practice\Report3\reservation.h(15,33): error C2143: 구문 오류: ')'이(가) '*' 앞에 없습니다.
C:\Users\Kim Jaehyeon\OneDrive - 성균관대학교\Assignments\5\Algorithm\algorithms-practice\Report3\reservation.h(15,33): error C2143: 구문 오류: '{'이(가) '*' 앞에 없습니다.
C:\Users\Kim Jaehyeon\OneDrive - 성균관대학교\Assignments\5\Algorithm\algorithms-practice\Report3\reservation.h(15,46): error C2059: 구문 오류: ')'
C:\Users\Kim Jaehyeon\OneDrive - 성균관대학교\Assignments\5\Algorithm\algorithms-practice\Report3\reservation.h(16,12): error C2143: 구문 오류: '{'이(가) '*' 앞에 없습니다.
C:\Users\Kim Jaehyeon\OneDrive - 성균관대학교\Assignments\5\Algorithm\algorithms-practice\Report3\reservation.h(20,33): error C2143: 구문 오류: ')'이(가) '*' 앞에 없습니다.
C:\Users\Kim Jaehyeon\OneDrive - 성균관대학교\Assignments\5\Algorithm\algorithms-practice\Report3\reservation.h(20,33): error C2143: 구문 오류: '{'이(가) '*' 앞에 없습니다.
C:\Users\Kim Jaehyeon\OneDrive - 성균관대학교\Assignments\5\Algorithm\algorithms-practice\Report3\reservation.h(20,63): error C2143: 구문 오류: ';'이(가) '*' 앞에 없습니다.
C:\Users\Kim Jaehyeon\OneDrive - 성균관대학교\Assignments\5\Algorithm\algorithms-practice\Report3\reservation.h(20,77): error C2059: 구문 오류: ')'
C:\Users\Kim Jaehyeon\OneDrive - 성균관대학교\Assignments\5\Algorithm\algorithms-practice\Report3\reservation.h(21,72): error C2143: 구문 오류: ')'이(가) '*' 앞에 없습니다.
C:\Users\Kim Jaehyeon\OneDrive - 성균관대학교\Assignments\5\Algorithm\algorithms-practice\Report3\reservation.h(21,72): error C2081: 'reservationNode': 정식 매개 변수 목록에 있는 이름이 잘못되었습니다.
C:\Users\Kim Jaehyeon\OneDrive - 성균관대학교\Assignments\5\Algorithm\algorithms-practice\Report3\reservation.h(21,72): error C2143: 구문 오류: '{'이(가) '*' 앞에 없습니다.
C:\Users\Kim Jaehyeon\OneDrive - 성균관대학교\Assignments\5\Algorithm\algorithms-practice\Report3\reservation.h(21,86): error C2059: 구문 오류: ')'
C:\Users\Kim Jaehyeon\OneDrive - 성균관대학교\Assignments\5\Algorithm\algorithms-practice\Report3\reservation.h(22,12): error C2143: 구문 오류: '{'이(가) '*' 앞에 없습니다.
C:\Users\Kim Jaehyeon\OneDrive - 성균관대학교\Assignments\5\Algorithm\algorithms-practice\Report3\reservation.h(22,52): error C2143: 구문 오류: ')'이(가) '*' 앞에 없습니다.
C:\Users\Kim Jaehyeon\OneDrive - 성균관대학교\Assignments\5\Algorithm\algorithms-practice\Report3\reservation.h(22,52): error C2081: 'reservationNode': 정식 매개 변수 목록에 있는 이름이 잘못되었습니다.
C:\Users\Kim Jaehyeon\OneDrive - 성균관대학교\Assignments\5\Algorithm\algorithms-practice\Report3\reservation.h(22,52): error C2143: 구문 오류: '{'이(가) '*' 앞에 없습니다.
C:\Users\Kim Jaehyeon\OneDrive - 성균관대학교\Assignments\5\Algorithm\algorithms-practice\Report3\reservation.h(22,66): error C2059: 구문 오류: ')'
C:\Users\Kim Jaehyeon\OneDrive - 성균관대학교\Assignments\5\Algorithm\algorithms-practice\Report3\main.c(24,2): error C4996: 'scanf': This function or variable may be unsafe. Consider using scanf_s instead. To disable deprecation, use _CRT_SECURE_NO_WARNINGS. See online help for details.
C:\Users\Kim Jaehyeon\OneDrive - 성균관대학교\Assignments\5\Algorithm\algorithms-practice\Report3\main.c(29,2): error C4996: 'scanf': This function or variable may be unsafe. Consider using scanf_s instead. To disable deprecation, use _CRT_SECURE_NO_WARNINGS. See online help for details.
C:\Users\Kim Jaehyeon\OneDrive - 성균관대학교\Assignments\5\Algorithm\algorithms-practice\Report3\main.c(35,33): error C2065: 'currentReservation': 선언되지 않은 식별자입니다.
C:\Users\Kim Jaehyeon\OneDrive - 성균관대학교\Assignments\5\Algorithm\algorithms-practice\Report3\main.c(35,13): warning C4552: '*': 식의 결과가 사용되지 않습니다.
C:\Users\Kim Jaehyeon\OneDrive - 성균관대학교\Assignments\5\Algorithm\algorithms-practice\Report3\main.c(36,24): error C2065: 'head': 선언되지 않은 식별자입니다.
C:\Users\Kim Jaehyeon\OneDrive - 성균관대학교\Assignments\5\Algorithm\algorithms-practice\Report3\main.c(36,30): warning C4047: '=': 'int'의 간접 참조 수준이 'void *'과(와) 다릅니다.
C:\Users\Kim Jaehyeon\OneDrive - 성균관대학교\Assignments\5\Algorithm\algorithms-practice\Report3\main.c(36,17): error C2106: '=': 왼쪽 피연산자는 l-value이어야 합니다.
C:\Users\Kim Jaehyeon\OneDrive - 성균관대학교\Assignments\5\Algorithm\algorithms-practice\Report3\main.c(48,4): warning C4013: 'printReservationInfo'이(가) 정의되지 않았습니다. extern은 int형을 반환하는 것으로 간주합니다.
C:\Users\Kim Jaehyeon\OneDrive - 성균관대학교\Assignments\5\Algorithm\algorithms-practice\Report3\main.c(48,54): error C2065: 'head': 선언되지 않은 식별자입니다.
C:\Users\Kim Jaehyeon\OneDrive - 성균관대학교\Assignments\5\Algorithm\algorithms-practice\Report3\main.c(52,23): error C2065: 'currentReservation': 선언되지 않은 식별자입니다.
C:\Users\Kim Jaehyeon\OneDrive - 성균관대학교\Assignments\5\Algorithm\algorithms-practice\Report3\main.c(52,51): warning C4047: '=': 'int'의 간접 참조 수준이 'int *'과(와) 다릅니다.
C:\Users\Kim Jaehyeon\OneDrive - 성균관대학교\Assignments\5\Algorithm\algorithms-practice\Report3\main.c(53,59): error C2065: 'currentReservation': 선언되지 않은 식별자입니다.
C:\Users\Kim Jaehyeon\OneDrive - 성균관대학교\Assignments\5\Algorithm\algorithms-practice\Report3\main.c(53,61): error C2223: '->id' 왼쪽은 구조체/공용 구조체를 가리켜야 합니다.
C:\Users\Kim Jaehyeon\OneDrive - 성균관대학교\Assignments\5\Algorithm\algorithms-practice\Report3\main.c(53,4): error C2198: 'registerReservation': 호출에 인수가 너무 적습니다.
C:\Users\Kim Jaehyeon\OneDrive - 성균관대학교\Assignments\5\Algorithm\algorithms-practice\Report3\main.c(54,4): warning C4013: 'addData'이(가) 정의되지 않았습니다. extern은 int형을 반환하는 것으로 간주합니다.
C:\Users\Kim Jaehyeon\OneDrive - 성균관대학교\Assignments\5\Algorithm\algorithms-practice\Report3\main.c(54,16): error C2065: 'head': 선언되지 않은 식별자입니다.
C:\Users\Kim Jaehyeon\OneDrive - 성균관대학교\Assignments\5\Algorithm\algorithms-practice\Report3\main.c(54,36): error C2065: 'currentReservation': 선언되지 않은 식별자입니다.
  reservation.c
C:\Users\Kim Jaehyeon\OneDrive - 성균관대학교\Assignments\5\Algorithm\algorithms-practice\Report3\graph.h(1,1): warning C4819: 현재 코드 페이지(949)에서 표시할 수 없는 문자가 파일에 들어 있습니다. 데이터가 손실되지 않게 하려면 해당 파일을 유니코드 형식으로 저장하십시오.
C:\Users\Kim Jaehyeon\OneDrive - 성균관대학교\Assignments\5\Algorithm\algorithms-practice\Report3\linkedList.h(7,5): error C2061: 구문 오류: 식별자 'Reservation'
C:\Users\Kim Jaehyeon\OneDrive - 성균관대학교\Assignments\5\Algorithm\algorithms-practice\Report3\linkedList.h(9,1): error C2059: 구문 오류: '}'
C:\Users\Kim Jaehyeon\OneDrive - 성균관대학교\Assignments\5\Algorithm\algorithms-practice\Report3\linkedList.h(11,16): error C2143: 구문 오류: '{'이(가) '*' 앞에 없습니다.
C:\Users\Kim Jaehyeon\OneDrive - 성균관대학교\Assignments\5\Algorithm\algorithms-practice\Report3\linkedList.h(11,41): error C2143: 구문 오류: ')'이(가) '*' 앞에 없습니다.
C:\Users\Kim Jaehyeon\OneDrive - 성균관대학교\Assignments\5\Algorithm\algorithms-practice\Report3\linkedList.h(11,41): error C2143: 구문 오류: '{'이(가) '*' 앞에 없습니다.
C:\Users\Kim Jaehyeon\OneDrive - 성균관대학교\Assignments\5\Algorithm\algorithms-practice\Report3\linkedList.h(11,60): error C2143: 구문 오류: ';'이(가) '*' 앞에 없습니다.
C:\Users\Kim Jaehyeon\OneDrive - 성균관대학교\Assignments\5\Algorithm\algorithms-practice\Report3\linkedList.h(11,73): error C2059: 구문 오류: ')'
C:\Users\Kim Jaehyeon\OneDrive - 성균관대학교\Assignments\5\Algorithm\algorithms-practice\Report3\linkedList.h(12,16): error C2143: 구문 오류: '{'이(가) '*' 앞에 없습니다.
C:\Users\Kim Jaehyeon\OneDrive - 성균관대학교\Assignments\5\Algorithm\algorithms-practice\Report3\linkedList.h(12,40): error C2143: 구문 오류: ')'이(가) '*' 앞에 없습니다.
C:\Users\Kim Jaehyeon\OneDrive - 성균관대학교\Assignments\5\Algorithm\algorithms-practice\Report3\linkedList.h(12,40): error C2143: 구문 오류: '{'이(가) '*' 앞에 없습니다.
C:\Users\Kim Jaehyeon\OneDrive - 성균관대학교\Assignments\5\Algorithm\algorithms-practice\Report3\linkedList.h(12,52): error C2059: 구문 오류: '형식'
C:\Users\Kim Jaehyeon\OneDrive - 성균관대학교\Assignments\5\Algorithm\algorithms-practice\Report3\linkedList.h(12,54): error C2059: 구문 오류: ')'
C:\Users\Kim Jaehyeon\OneDrive - 성균관대학교\Assignments\5\Algorithm\algorithms-practice\Report3\reservation.h(13,3): error C2371: 'Reservation': 재정의. 기본 형식이 다릅니다.
C:\Users\Kim Jaehyeon\OneDrive - 성균관대학교\Assignments\5\Algorithm\algorithms-practice\Report3\linkedList.h(11): message : 'Reservation' 선언을 참조하십시오.
C:\Users\Kim Jaehyeon\OneDrive - 성균관대학교\Assignments\5\Algorithm\algorithms-practice\Report3\reservation.h(15,33): error C2143: 구문 오류: ')'이(가) '*' 앞에 없습니다.
C:\Users\Kim Jaehyeon\OneDrive - 성균관대학교\Assignments\5\Algorithm\algorithms-practice\Report3\reservation.h(15,33): error C2143: 구문 오류: '{'이(가) '*' 앞에 없습니다.
C:\Users\Kim Jaehyeon\OneDrive - 성균관대학교\Assignments\5\Algorithm\algorithms-practice\Report3\reservation.h(15,46): error C2059: 구문 오류: ')'
C:\Users\Kim Jaehyeon\OneDrive - 성균관대학교\Assignments\5\Algorithm\algorithms-practice\Report3\reservation.h(16,12): error C2143: 구문 오류: '{'이(가) '*' 앞에 없습니다.
C:\Users\Kim Jaehyeon\OneDrive - 성균관대학교\Assignments\5\Algorithm\algorithms-practice\Report3\reservation.h(20,33): error C2143: 구문 오류: ')'이(가) '*' 앞에 없습니다.
C:\Users\Kim Jaehyeon\OneDrive - 성균관대학교\Assignments\5\Algorithm\algorithms-practice\Report3\reservation.h(20,33): error C2143: 구문 오류: '{'이(가) '*' 앞에 없습니다.
C:\Users\Kim Jaehyeon\OneDrive - 성균관대학교\Assignments\5\Algorithm\algorithms-practice\Report3\reservation.h(20,63): error C2143: 구문 오류: ';'이(가) '*' 앞에 없습니다.
C:\Users\Kim Jaehyeon\OneDrive - 성균관대학교\Assignments\5\Algorithm\algorithms-practice\Report3\reservation.h(20,77): error C2059: 구문 오류: ')'
C:\Users\Kim Jaehyeon\OneDrive - 성균관대학교\Assignments\5\Algorithm\algorithms-practice\Report3\reservation.h(21,72): error C2143: 구문 오류: ')'이(가) '*' 앞에 없습니다.
C:\Users\Kim Jaehyeon\OneDrive - 성균관대학교\Assignments\5\Algorithm\algorithms-practice\Report3\reservation.h(21,72): error C2081: 'reservationNode': 정식 매개 변수 목록에 있는 이름이 잘못되었습니다.
C:\Users\Kim Jaehyeon\OneDrive - 성균관대학교\Assignments\5\Algorithm\algorithms-practice\Report3\reservation.h(21,72): error C2143: 구문 오류: '{'이(가) '*' 앞에 없습니다.
C:\Users\Kim Jaehyeon\OneDrive - 성균관대학교\Assignments\5\Algorithm\algorithms-practice\Report3\reservation.h(21,86): error C2059: 구문 오류: ')'
C:\Users\Kim Jaehyeon\OneDrive - 성균관대학교\Assignments\5\Algorithm\algorithms-practice\Report3\reservation.h(22,12): error C2143: 구문 오류: '{'이(가) '*' 앞에 없습니다.
C:\Users\Kim Jaehyeon\OneDrive - 성균관대학교\Assignments\5\Algorithm\algorithms-practice\Report3\reservation.h(22,52): error C2143: 구문 오류: ')'이(가) '*' 앞에 없습니다.
C:\Users\Kim Jaehyeon\OneDrive - 성균관대학교\Assignments\5\Algorithm\algorithms-practice\Report3\reservation.h(22,52): error C2081: 'reservationNode': 정식 매개 변수 목록에 있는 이름이 잘못되었습니다.
C:\Users\Kim Jaehyeon\OneDrive - 성균관대학교\Assignments\5\Algorithm\algorithms-practice\Report3\reservation.h(22,52): error C2143: 구문 오류: '{'이(가) '*' 앞에 없습니다.
C:\Users\Kim Jaehyeon\OneDrive - 성균관대학교\Assignments\5\Algorithm\algorithms-practice\Report3\reservation.h(22,66): error C2059: 구문 오류: ')'
C:\Users\Kim Jaehyeon\OneDrive - 성균관대학교\Assignments\5\Algorithm\algorithms-practice\Report3\reservation.c(16,33): error C2143: 구문 오류: ')'이(가) '*' 앞에 없습니다.
C:\Users\Kim Jaehyeon\OneDrive - 성균관대학교\Assignments\5\Algorithm\algorithms-practice\Report3\reservation.c(16,33): error C2143: 구문 오류: '{'이(가) '*' 앞에 없습니다.
C:\Users\Kim Jaehyeon\OneDrive - 성균관대학교\Assignments\5\Algorithm\algorithms-practice\Report3\reservation.c(16,46): error C2059: 구문 오류: ')'
C:\Users\Kim Jaehyeon\OneDrive - 성균관대학교\Assignments\5\Algorithm\algorithms-practice\Report3\reservation.c(16,48): error C2054: 'reservation' 다음에 '('가 필요합니다.
C:\Users\Kim Jaehyeon\OneDrive - 성균관대학교\Assignments\5\Algorithm\algorithms-practice\Report3\reservation.c(24,12): error C2143: 구문 오류: '{'이(가) '*' 앞에 없습니다.
C:\Users\Kim Jaehyeon\OneDrive - 성균관대학교\Assignments\5\Algorithm\algorithms-practice\Report3\reservation.c(25,30): error C2065: 'newReservation': 선언되지 않은 식별자입니다.
C:\Users\Kim Jaehyeon\OneDrive - 성균관대학교\Assignments\5\Algorithm\algorithms-practice\Report3\reservation.c(25,45): error C2059: 구문 오류: ')'
C:\Users\Kim Jaehyeon\OneDrive - 성균관대학교\Assignments\5\Algorithm\algorithms-practice\Report3\reservation.c(26,2): warning C4013: 'initReservation'이(가) 정의되지 않았습니다. extern은 int형을 반환하는 것으로 간주합니다.
C:\Users\Kim Jaehyeon\OneDrive - 성균관대학교\Assignments\5\Algorithm\algorithms-practice\Report3\reservation.c(26,32): error C2065: 'newReservation': 선언되지 않은 식별자입니다.
C:\Users\Kim Jaehyeon\OneDrive - 성균관대학교\Assignments\5\Algorithm\algorithms-practice\Report3\reservation.c(29,16): error C2065: 'newReservation': 선언되지 않은 식별자입니다.
C:\Users\Kim Jaehyeon\OneDrive - 성균관대학교\Assignments\5\Algorithm\algorithms-practice\Report3\reservation.c(29,18): error C2223: '->name' 왼쪽은 구조체/공용 구조체를 가리켜야 합니다.
C:\Users\Kim Jaehyeon\OneDrive - 성균관대학교\Assignments\5\Algorithm\algorithms-practice\Report3\reservation.c(30,16): error C2065: 'newReservation': 선언되지 않은 식별자입니다.
C:\Users\Kim Jaehyeon\OneDrive - 성균관대학교\Assignments\5\Algorithm\algorithms-practice\Report3\reservation.c(30,18): error C2223: '->source' 왼쪽은 구조체/공용 구조체를 가리켜야 합니다.
C:\Users\Kim Jaehyeon\OneDrive - 성균관대학교\Assignments\5\Algorithm\algorithms-practice\Report3\reservation.c(31,16): error C2065: 'newReservation': 선언되지 않은 식별자입니다.
C:\Users\Kim Jaehyeon\OneDrive - 성균관대학교\Assignments\5\Algorithm\algorithms-practice\Report3\reservation.c(31,18): error C2223: '->dest' 왼쪽은 구조체/공용 구조체를 가리켜야 합니다.
C:\Users\Kim Jaehyeon\OneDrive - 성균관대학교\Assignments\5\Algorithm\algorithms-practice\Report3\reservation.c(33,23): error C2065: 'newReservation': 선언되지 않은 식별자입니다.
C:\Users\Kim Jaehyeon\OneDrive - 성균관대학교\Assignments\5\Algorithm\algorithms-practice\Report3\reservation.c(33,23): warning C4047: 'return': 'int *'의 간접 참조 수준이 'int'과(와) 다릅니다.
C:\Users\Kim Jaehyeon\OneDrive - 성균관대학교\Assignments\5\Algorithm\algorithms-practice\Report3\reservation.c(37,12): error C2143: 구문 오류: '{'이(가) '*' 앞에 없습니다.
C:\Users\Kim Jaehyeon\OneDrive - 성균관대학교\Assignments\5\Algorithm\algorithms-practice\Report3\reservation.c(37,52): error C2143: 구문 오류: ')'이(가) '*' 앞에 없습니다.
C:\Users\Kim Jaehyeon\OneDrive - 성균관대학교\Assignments\5\Algorithm\algorithms-practice\Report3\reservation.c(37,52): error C2081: 'reservationNode': 정식 매개 변수 목록에 있는 이름이 잘못되었습니다.
C:\Users\Kim Jaehyeon\OneDrive - 성균관대학교\Assignments\5\Algorithm\algorithms-practice\Report3\reservation.c(37,52): error C2143: 구문 오류: '{'이(가) '*' 앞에 없습니다.
C:\Users\Kim Jaehyeon\OneDrive - 성균관대학교\Assignments\5\Algorithm\algorithms-practice\Report3\reservation.c(37,66): error C2059: 구문 오류: ')'
C:\Users\Kim Jaehyeon\OneDrive - 성균관대학교\Assignments\5\Algorithm\algorithms-practice\Report3\reservation.c(37,68): error C2054: 'reservations' 다음에 '('가 필요합니다.
C:\Users\Kim Jaehyeon\OneDrive - 성균관대학교\Assignments\5\Algorithm\algorithms-practice\Report3\reservation.c(43,31): warning C4047: '함수': 'treeNode *'의 간접 참조 수준이 'int'과(와) 다릅니다.
C:\Users\Kim Jaehyeon\OneDrive - 성균관대학교\Assignments\5\Algorithm\algorithms-practice\Report3\reservation.c(43,18): warning C4024: 'insertion': 형식 및 실제 매개 변수 2의 형식이 서로 다릅니다.
C:\Users\Kim Jaehyeon\OneDrive - 성균관대학교\Assignments\5\Algorithm\algorithms-practice\Report3\reservation.c(47,33): error C2143: 구문 오류: ')'이(가) '*' 앞에 없습니다.
C:\Users\Kim Jaehyeon\OneDrive - 성균관대학교\Assignments\5\Algorithm\algorithms-practice\Report3\reservation.c(47,33): error C2143: 구문 오류: '{'이(가) '*' 앞에 없습니다.
C:\Users\Kim Jaehyeon\OneDrive - 성균관대학교\Assignments\5\Algorithm\algorithms-practice\Report3\reservation.c(47,63): error C2143: 구문 오류: ';'이(가) '*' 앞에 없습니다.
C:\Users\Kim Jaehyeon\OneDrive - 성균관대학교\Assignments\5\Algorithm\algorithms-practice\Report3\reservation.c(47,77): error C2059: 구문 오류: ')'
C:\Users\Kim Jaehyeon\OneDrive - 성균관대학교\Assignments\5\Algorithm\algorithms-practice\Report3\reservation.c(47,79): error C2054: 'reservations' 다음에 '('가 필요합니다.
C:\Users\Kim Jaehyeon\OneDrive - 성균관대학교\Assignments\5\Algorithm\algorithms-practice\Report3\reservation.c(56,8): warning C4244: '함수': 'time_t'에서 'unsigned int'(으)로 변환하면서 데이터가 손실될 수 있습니다.
C:\Users\Kim Jaehyeon\OneDrive - 성균관대학교\Assignments\5\Algorithm\algorithms-practice\Report3\reservation.c(79,72): error C2143: 구문 오류: ')'이(가) '*' 앞에 없습니다.
C:\Users\Kim Jaehyeon\OneDrive - 성균관대학교\Assignments\5\Algorithm\algorithms-practice\Report3\reservation.c(79,72): error C2081: 'reservationNode': 정식 매개 변수 목록에 있는 이름이 잘못되었습니다.
C:\Users\Kim Jaehyeon\OneDrive - 성균관대학교\Assignments\5\Algorithm\algorithms-practice\Report3\reservation.c(79,72): error C2143: 구문 오류: '{'이(가) '*' 앞에 없습니다.
C:\Users\Kim Jaehyeon\OneDrive - 성균관대학교\Assignments\5\Algorithm\algorithms-practice\Report3\reservation.c(79,86): error C2059: 구문 오류: ')'
C:\Users\Kim Jaehyeon\OneDrive - 성균관대학교\Assignments\5\Algorithm\algorithms-practice\Report3\reservation.c(79,88): error C2054: 'reservations' 다음에 '('가 필요합니다.
  코드를 생성하고 있습니다...
